<?xml version="1.0" encoding="UTF-8"?>
<!-- Generated by org.testng.reporters.JUnitReportReporter -->
<testsuite hostname="DESKTOP-CL7DGPM" failures="0" tests="4" name="test.SwapiTest" time="26.668" errors="0" timestamp="2023-11-07T13:37:49 PET" skipped="0">
  <testcase classname="test.SwapiTest" name="getSwApi" time="8.006"/>
  <system-out/>
  <testcase classname="test.SwapiTest" name="checkRealeseDate" time="5.178"/>
  <system-out/>
  <testcase classname="test.SwapiTest" name="isBlond" time="11.713"/>
  <system-out/>
  <testcase classname="test.SwapiTest" name="isFilmFound" time="1.771"/>
  <system-out/>
</testsuite> <!-- test.SwapiTest -->
