<?xml version="1.0" encoding="UTF-8"?>
<!-- Generated by org.testng.reporters.JUnitReportReporter -->
<testsuite hostname="DESKTOP-CL7DGPM" failures="0" tests="1" name="test.ServicesTest" time="1.178" errors="0" timestamp="2023-11-07T13:37:49 PET" skipped="0">
  <testcase classname="test.ServicesTest" name="postExample" time="1.178"/>
  <system-out/>
</testsuite> <!-- test.ServicesTest -->
